This is pdfTeX, Version 3.141592653-2.6-1.40.25 (MiKTeX 23.5) (preloaded format=pdflatex 2023.8.7)  1 JUL 2024 20:21
entering extended mode
 restricted \write18 enabled.
 %&-line parsing enabled.
**./main.tex
(main.tex
LaTeX2e <2023-06-01> patch level 1
L3 programming layer <2023-06-30>
(C:\Users\Valentin\AppData\Local\Programs\MiKTeX\tex/latex/base\report.cls
Document Class: report 2023/05/17 v1.4n Standard LaTeX document class
(C:\Users\Valentin\AppData\Local\Programs\MiKTeX\tex/latex/base\size12.clo
File: size12.clo 2023/05/17 v1.4n Standard LaTeX file (size option)
)
\c@part=\count185
\c@chapter=\count186
\c@section=\count187
\c@subsection=\count188
\c@subsubsection=\count189
\c@paragraph=\count190
\c@subparagraph=\count191
\c@figure=\count192
\c@table=\count193
\abovecaptionskip=\skip48
\belowcaptionskip=\skip49
\bibindent=\dimen140
)
(C:\Users\Valentin\AppData\Local\Programs\MiKTeX\tex/latex/geometry\geometry.st
y
Package: geometry 2020/01/02 v5.9 Page Geometry

(C:\Users\Valentin\AppData\Local\Programs\MiKTeX\tex/latex/graphics\keyval.sty
Package: keyval 2022/05/29 v1.15 key=value parser (DPC)
\KV@toks@=\toks17
) (C:\Users\Valentin\AppData\Local\Programs\MiKTeX\tex/generic/iftex\ifvtex.sty
Package: ifvtex 2019/10/25 v1.7 ifvtex legacy package. Use iftex instead.

(C:\Users\Valentin\AppData\Local\Programs\MiKTeX\tex/generic/iftex\iftex.sty
Package: iftex 2022/02/03 v1.0f TeX engine tests
))
\Gm@cnth=\count194
\Gm@cntv=\count195
\c@Gm@tempcnt=\count196
\Gm@bindingoffset=\dimen141
\Gm@wd@mp=\dimen142
\Gm@odd@mp=\dimen143
\Gm@even@mp=\dimen144
\Gm@layoutwidth=\dimen145
\Gm@layoutheight=\dimen146
\Gm@layouthoffset=\dimen147
\Gm@layoutvoffset=\dimen148
\Gm@dimlist=\toks18

(C:\Users\Valentin\AppData\Local\Programs\MiKTeX\tex/latex/geometry\geometry.cf
g)) (C:\Users\Valentin\AppData\Local\Programs\MiKTeX\tex/latex/base\fontenc.sty
Package: fontenc 2021/04/29 v2.0v Standard LaTeX package
) (C:\Users\Valentin\AppData\Local\Programs\MiKTeX\tex/latex/base\inputenc.sty
Package: inputenc 2021/02/14 v1.3d Input encoding file
\inpenc@prehook=\toks19
\inpenc@posthook=\toks20
) (C:\Users\Valentin\AppData\Local\Programs\MiKTeX\tex/latex/psnfss\times.sty
Package: times 2020/03/25 PSNFSS-v9.3 (SPQR) 
)
(C:\Users\Valentin\AppData\Local\Programs\MiKTeX\tex/generic/babel\babel.sty
Package: babel 2023/07/15 v3.92 The Babel package
\babel@savecnt=\count197
\U@D=\dimen149
\l@unhyphenated=\language79

(C:\Users\Valentin\AppData\Local\Programs\MiKTeX\tex/generic/babel\txtbabel.def
)
\bbl@readstream=\read2
\bbl@dirlevel=\count198

*************************************
* Local config file bblopts.cfg used
*
(C:\Users\Valentin\AppData\Local\Programs\MiKTeX\tex/latex/arabi\bblopts.cfg
File: bblopts.cfg 2005/09/08 v0.1 add Arabic and Farsi to "declared" options of
 babel
)
(C:\Users\Valentin\AppData\Local\Programs\MiKTeX\tex/latex/babel-english\englis
h.ldf
Language: english 2017/06/06 v3.3r English support from the babel system
Package babel Info: Hyphen rules for 'canadian' set to \l@english
(babel)             (\language0). Reported on input line 102.
Package babel Info: Hyphen rules for 'australian' set to \l@ukenglish
(babel)             (\language73). Reported on input line 105.
Package babel Info: Hyphen rules for 'newzealand' set to \l@ukenglish
(babel)             (\language73). Reported on input line 108.
)
(C:\Users\Valentin\AppData\Local\Programs\MiKTeX\tex/latex/babel-spanish\spanis
h.ldf
Language: spanish.ldf 2021/05/27 v5.0q Spanish support from the babel system
\es@quottoks=\toks21
\es@quotdepth=\count199
Package babel Info: Making " an active character on input line 570.
Package babel Info: Making . an active character on input line 675.
Package babel Info: Making < an active character on input line 722.
Package babel Info: Making > an active character on input line 722.
))
(C:\Users\Valentin\AppData\Local\Programs\MiKTeX\tex/generic/babel/locale/es\ba
bel-spanish.tex
Package babel Info: Importing font and identification data for spanish
(babel)             from babel-es.ini. Reported on input line 11.
)
(C:\Users\Valentin\AppData\Local\Programs\MiKTeX\tex/generic/babel/locale/en\ba
bel-english.tex
Package babel Info: Importing font and identification data for english
(babel)             from babel-en.ini. Reported on input line 11.
)
(C:\Users\Valentin\AppData\Local\Programs\MiKTeX\tex/latex/amsmath\amsmath.sty
Package: amsmath 2023/05/13 v2.17o AMS math features
\@mathmargin=\skip50

For additional information on amsmath, use the `?' option.
(C:\Users\Valentin\AppData\Local\Programs\MiKTeX\tex/latex/amsmath\amstext.sty
Package: amstext 2021/08/26 v2.01 AMS text

(C:\Users\Valentin\AppData\Local\Programs\MiKTeX\tex/latex/amsmath\amsgen.sty
File: amsgen.sty 1999/11/30 v2.0 generic functions
\@emptytoks=\toks22
\ex@=\dimen150
)) (C:\Users\Valentin\AppData\Local\Programs\MiKTeX\tex/latex/amsmath\amsbsy.st
y
Package: amsbsy 1999/11/29 v1.2d Bold Symbols
\pmbraise@=\dimen151
) (C:\Users\Valentin\AppData\Local\Programs\MiKTeX\tex/latex/amsmath\amsopn.sty
Package: amsopn 2022/04/08 v2.04 operator names
)
\inf@bad=\count266
LaTeX Info: Redefining \frac on input line 234.
\uproot@=\count267
\leftroot@=\count268
LaTeX Info: Redefining \overline on input line 399.
LaTeX Info: Redefining \colon on input line 410.
\classnum@=\count269
\DOTSCASE@=\count270
LaTeX Info: Redefining \ldots on input line 496.
LaTeX Info: Redefining \dots on input line 499.
LaTeX Info: Redefining \cdots on input line 620.
\Mathstrutbox@=\box51
\strutbox@=\box52
LaTeX Info: Redefining \big on input line 722.
LaTeX Info: Redefining \Big on input line 723.
LaTeX Info: Redefining \bigg on input line 724.
LaTeX Info: Redefining \Bigg on input line 725.
\big@size=\dimen152
LaTeX Font Info:    Redeclaring font encoding OML on input line 743.
LaTeX Font Info:    Redeclaring font encoding OMS on input line 744.
\macc@depth=\count271
LaTeX Info: Redefining \bmod on input line 905.
LaTeX Info: Redefining \pmod on input line 910.
LaTeX Info: Redefining \smash on input line 940.
LaTeX Info: Redefining \relbar on input line 970.
LaTeX Info: Redefining \Relbar on input line 971.
\c@MaxMatrixCols=\count272
\dotsspace@=\muskip16
\c@parentequation=\count273
\dspbrk@lvl=\count274
\tag@help=\toks23
\row@=\count275
\column@=\count276
\maxfields@=\count277
\andhelp@=\toks24
\eqnshift@=\dimen153
\alignsep@=\dimen154
\tagshift@=\dimen155
\tagwidth@=\dimen156
\totwidth@=\dimen157
\lineht@=\dimen158
\@envbody=\toks25
\multlinegap=\skip51
\multlinetaggap=\skip52
\mathdisplay@stack=\toks26
LaTeX Info: Redefining \[ on input line 2953.
LaTeX Info: Redefining \] on input line 2954.
)
(C:\Users\Valentin\AppData\Local\Programs\MiKTeX\tex/latex/graphics\graphicx.st
y
Package: graphicx 2021/09/16 v1.2d Enhanced LaTeX Graphics (DPC,SPQR)

(C:\Users\Valentin\AppData\Local\Programs\MiKTeX\tex/latex/graphics\graphics.st
y
Package: graphics 2022/03/10 v1.4e Standard LaTeX Graphics (DPC,SPQR)
 (C:\Users\Valentin\AppData\Local\Programs\MiKTeX\tex/latex/graphics\trig.sty
Package: trig 2021/08/11 v1.11 sin cos tan (DPC)
)
(C:\Users\Valentin\AppData\Local\Programs\MiKTeX\tex/latex/graphics-cfg\graphic
s.cfg
File: graphics.cfg 2016/06/04 v1.11 sample graphics configuration
)
Package graphics Info: Driver file: pdftex.def on input line 107.

(C:\Users\Valentin\AppData\Local\Programs\MiKTeX\tex/latex/graphics-def\pdftex.
def
File: pdftex.def 2022/09/22 v1.2b Graphics/color driver for pdftex
))
\Gin@req@height=\dimen159
\Gin@req@width=\dimen160
)
(C:\Users\Valentin\AppData\Local\Programs\MiKTeX\tex/latex/caption\subcaption.s
ty
Package: subcaption 2023/02/19 v1.6 Sub-captions (AR)

(C:\Users\Valentin\AppData\Local\Programs\MiKTeX\tex/latex/caption\caption.sty
Package: caption 2023/03/12 v3.6j Customizing captions (AR)

(C:\Users\Valentin\AppData\Local\Programs\MiKTeX\tex/latex/caption\caption3.sty
Package: caption3 2023/03/12 v2.4 caption3 kernel (AR)
\caption@tempdima=\dimen161
\captionmargin=\dimen162
\caption@leftmargin=\dimen163
\caption@rightmargin=\dimen164
\caption@width=\dimen165
\caption@indent=\dimen166
\caption@parindent=\dimen167
\caption@hangindent=\dimen168
Package caption Info: Standard document class detected.
)
\c@caption@flags=\count278
\c@continuedfloat=\count279
)
Package caption Info: New subtype `subfigure' on input line 239.
\c@subfigure=\count280
Package caption Info: New subtype `subtable' on input line 239.
\c@subtable=\count281
)
(C:\Users\Valentin\AppData\Local\Programs\MiKTeX\tex/latex/graphics\lscape.sty
Package: lscape 2020/05/28 v3.02 Landscape Pages (DPC)
)
(C:\Users\Valentin\AppData\Local\Programs\MiKTeX\tex/latex/pdfpages\pdfpages.st
y
Package: pdfpages 2024/05/29 v0.6a Insert pages of external PDF documents (AM)
 (C:\Users\Valentin\AppData\Local\Programs\MiKTeX\tex/latex/base\ifthen.sty
Package: ifthen 2022/04/13 v1.1d Standard LaTeX ifthen package (DPC)
)
(C:\Users\Valentin\AppData\Local\Programs\MiKTeX\tex/latex/tools\calc.sty
Package: calc 2017/05/25 v4.3 Infix arithmetic (KKT,FJ)
\calc@Acount=\count282
\calc@Bcount=\count283
\calc@Adimen=\dimen169
\calc@Bdimen=\dimen170
\calc@Askip=\skip53
\calc@Bskip=\skip54
LaTeX Info: Redefining \setlength on input line 80.
LaTeX Info: Redefining \addtolength on input line 81.
\calc@Ccount=\count284
\calc@Cskip=\skip55
)
(C:\Users\Valentin\AppData\Local\Programs\MiKTeX\tex/latex/eso-pic\eso-pic.sty
Package: eso-pic 2023/05/03 v3.0c eso-pic (RN)
\ESO@tempdima=\dimen171
\ESO@tempdimb=\dimen172

(C:\Users\Valentin\AppData\Local\Programs\MiKTeX\tex/latex/xcolor\xcolor.sty
Package: xcolor 2022/06/12 v2.14 LaTeX color extensions (UK)

(C:\Users\Valentin\AppData\Local\Programs\MiKTeX\tex/latex/graphics-cfg\color.c
fg
File: color.cfg 2016/01/02 v1.6 sample color configuration
)
Package xcolor Info: Driver file: pdftex.def on input line 227.

(C:\Users\Valentin\AppData\Local\Programs\MiKTeX\tex/latex/graphics\mathcolor.l
tx)
Package xcolor Info: Model `cmy' substituted by `cmy0' on input line 1353.
Package xcolor Info: Model `hsb' substituted by `rgb' on input line 1357.
Package xcolor Info: Model `RGB' extended on input line 1369.
Package xcolor Info: Model `HTML' substituted by `rgb' on input line 1371.
Package xcolor Info: Model `Hsb' substituted by `hsb' on input line 1372.
Package xcolor Info: Model `tHsb' substituted by `hsb' on input line 1373.
Package xcolor Info: Model `HSB' substituted by `hsb' on input line 1374.
Package xcolor Info: Model `Gray' substituted by `gray' on input line 1375.
Package xcolor Info: Model `wave' substituted by `hsb' on input line 1376.
))
\AM@pagewidth=\dimen173
\AM@pageheight=\dimen174
\AM@fboxrule=\dimen175

(C:\Users\Valentin\AppData\Local\Programs\MiKTeX\tex/latex/pdfpages\pppdftex.de
f
File: pppdftex.def 2024/05/29 v0.6a Pdfpages driver for pdfTeX (AM)
)
\pdfpages@includegraphics@status=\count285
\AM@pagebox=\box53
\AM@global@opts=\toks27
\AM@pagecnt=\count286
\AM@toc@title=\toks28
\AM@lof@heading=\toks29
\c@AM@survey=\count287
\AM@templatesizebox=\box54
)
(C:\Users\Valentin\AppData\Local\Programs\MiKTeX\tex/latex/apacite\apacite.sty
Package: apacite 2013/07/21 v6.03 APA citation
\c@BibCnt=\count288
\bibleftmargin=\skip56
\bibindent=\skip57
\bibparsep=\skip58
\bibitemsep=\skip59
\biblabelsep=\skip60
) (C:\Users\Valentin\AppData\Local\Programs\MiKTeX\tex/latex/url\url.sty
\Urlmuskip=\muskip17
Package: url 2013/09/16  ver 3.4  Verb mode for urls, etc.
)
(C:\Users\Valentin\AppData\Local\Programs\MiKTeX\tex/latex/lipsum\lipsum.sty
(C:\Users\Valentin\AppData\Local\Programs\MiKTeX\tex/latex/l3packages/l3keys2e\
l3keys2e.sty
(C:\Users\Valentin\AppData\Local\Programs\MiKTeX\tex/latex/l3kernel\expl3.sty
Package: expl3 2023-06-30 L3 programming layer (loader) 

(C:\Users\Valentin\AppData\Local\Programs\MiKTeX\tex/latex/l3backend\l3backend-
pdftex.def
File: l3backend-pdftex.def 2023-04-19 L3 backend support: PDF output (pdfTeX)
\l__color_backend_stack_int=\count289
\l__pdf_internal_box=\box55
))
Package: l3keys2e 2023-02-02 LaTeX2e option processing using LaTeX3 keys
)
Package: lipsum 2021-09-20 v2.7 150 paragraphs of Lorem Ipsum dummy text
\g__lipsum_par_int=\count290
\l__lipsum_a_int=\count291
\l__lipsum_b_int=\count292

(C:\Users\Valentin\AppData\Local\Programs\MiKTeX\tex/latex/lipsum\lipsum.ltd.te
x))
(C:\Users\Valentin\AppData\Local\Programs\MiKTeX\tex/latex/booktabs\booktabs.st
y
Package: booktabs 2020/01/12 v1.61803398 Publication quality tables
\heavyrulewidth=\dimen176
\lightrulewidth=\dimen177
\cmidrulewidth=\dimen178
\belowrulesep=\dimen179
\belowbottomsep=\dimen180
\aboverulesep=\dimen181
\abovetopsep=\dimen182
\cmidrulesep=\dimen183
\cmidrulekern=\dimen184
\defaultaddspace=\dimen185
\@cmidla=\count293
\@cmidlb=\count294
\@aboverulesep=\dimen186
\@belowrulesep=\dimen187
\@thisruleclass=\count295
\@lastruleclass=\count296
\@thisrulewidth=\dimen188
)
(C:\Users\Valentin\AppData\Local\Programs\MiKTeX\tex/latex/multirow\multirow.st
y
Package: multirow 2021/03/15 v2.8 Span multiple rows of a table
\multirow@colwidth=\skip61
\multirow@cntb=\count297
\multirow@dima=\skip62
\bigstrutjot=\dimen189
)
(C:\Users\Valentin\AppData\Local\Programs\MiKTeX\tex/latex/changepage\changepag
e.sty
Package: changepage 2009/10/20 v1.0c check page and change page layout
\c@cp@cntr=\count298
\cp@tempcnt=\count299
)
(C:\Users\Valentin\AppData\Local\Programs\MiKTeX\tex/latex/multirow\bigstrut.st
y
Package: bigstrut 2021/03/15 v2.8 Provide larger struts in tabulars
)
(C:\Users\Valentin\AppData\Local\Programs\MiKTeX\tex/latex/tools\longtable.sty
Package: longtable 2021-09-01 v4.17 Multi-page Table package (DPC)
\LTleft=\skip63
\LTright=\skip64
\LTpre=\skip65
\LTpost=\skip66
\LTchunksize=\count300
\LTcapwidth=\dimen190
\LT@head=\box56
\LT@firsthead=\box57
\LT@foot=\box58
\LT@lastfoot=\box59
\LT@gbox=\box60
\LT@cols=\count301
\LT@rows=\count302
\c@LT@tables=\count303
\c@LT@chunks=\count304
\LT@p@ftn=\toks30
) (C:\Users\Valentin\AppData\Local\Programs\MiKTeX\tex/latex/tools\array.sty
Package: array 2022/09/04 v2.5g Tabular extension package (FMi)
\col@sep=\dimen191
\ar@mcellbox=\box61
\extrarowheight=\dimen192
\NC@list=\toks31
\extratabsurround=\skip67
\backup@length=\skip68
\ar@cellbox=\box62
)
(C:\Users\Valentin\AppData\Local\Programs\MiKTeX\tex/latex/wrapfig\wrapfig.sty
\wrapoverhang=\dimen193
\WF@size=\dimen194
\c@WF@wrappedlines=\count305
\WF@box=\box63
\WF@everypar=\toks32
Package: wrapfig 2003/01/31  v 3.6
)
(C:\Users\Valentin\AppData\Local\Programs\MiKTeX\tex/latex/setspace\setspace.st
y
Package: setspace 2022/12/04 v6.7b set line spacing
)
(C:\Users\Valentin\AppData\Local\Programs\MiKTeX\tex/latex/parskip\parskip.sty
Package: parskip 2021-03-14 v2.0h non-zero parskip adjustments

(C:\Users\Valentin\AppData\Local\Programs\MiKTeX\tex/latex/kvoptions\kvoptions.
sty
Package: kvoptions 2022-06-15 v3.15 Key value format for package options (HO)

(C:\Users\Valentin\AppData\Local\Programs\MiKTeX\tex/generic/ltxcmds\ltxcmds.st
y
Package: ltxcmds 2020-05-10 v1.25 LaTeX kernel commands for general use (HO)
)
(C:\Users\Valentin\AppData\Local\Programs\MiKTeX\tex/latex/kvsetkeys\kvsetkeys.
sty
Package: kvsetkeys 2022-10-05 v1.19 Key value parser (HO)
))
(C:\Users\Valentin\AppData\Local\Programs\MiKTeX\tex/latex/etoolbox\etoolbox.st
y
Package: etoolbox 2020/10/05 v2.5k e-TeX tools for LaTeX (JAW)
\etb@tempcnta=\count306
))
(C:\Users\Valentin\AppData\Local\Programs\MiKTeX\tex/latex/titlesec\titlesec.st
y
Package: titlesec 2023/10/27 v2.16 Sectioning titles
\ttl@box=\box64
\beforetitleunit=\skip69
\aftertitleunit=\skip70
\ttl@plus=\dimen195
\ttl@minus=\dimen196
\ttl@toksa=\toks33
\titlewidth=\dimen197
\titlewidthlast=\dimen198
\titlewidthfirst=\dimen199
) (encabezado&pie.tex
(C:\Users\Valentin\AppData\Local\Programs\MiKTeX\tex/latex/fancyhdr\fancyhdr.st
y
Package: fancyhdr 2022/11/09 v4.1 Extensive control of page headers and footers

\f@nch@headwidth=\skip71
\f@nch@O@elh=\skip72
\f@nch@O@erh=\skip73
\f@nch@O@olh=\skip74
\f@nch@O@orh=\skip75
\f@nch@O@elf=\skip76
\f@nch@O@erf=\skip77
\f@nch@O@olf=\skip78
\f@nch@O@orf=\skip79
)) (configuraciones.tex)
LaTeX Font Info:    Trying to load font information for T1+ptm on input line 43
.

(C:\Users\Valentin\AppData\Local\Programs\MiKTeX\tex/latex/psnfss\t1ptm.fd
File: t1ptm.fd 2001/06/04 font definitions for T1/ptm.
)
(main.aux
LaTeX Info: Redefining \. on input line 8.
LaTeX Info: Redefining \% on input line 8.
)
\openout1 = `main.aux'.

LaTeX Font Info:    Checking defaults for OML/cmm/m/it on input line 43.
LaTeX Font Info:    ... okay on input line 43.
LaTeX Font Info:    Checking defaults for OMS/cmsy/m/n on input line 43.
LaTeX Font Info:    ... okay on input line 43.
LaTeX Font Info:    Checking defaults for OT1/cmr/m/n on input line 43.
LaTeX Font Info:    ... okay on input line 43.
LaTeX Font Info:    Checking defaults for T1/cmr/m/n on input line 43.
LaTeX Font Info:    ... okay on input line 43.
LaTeX Font Info:    Checking defaults for TS1/cmr/m/n on input line 43.
LaTeX Font Info:    ... okay on input line 43.
LaTeX Font Info:    Checking defaults for OMX/cmex/m/n on input line 43.
LaTeX Font Info:    ... okay on input line 43.
LaTeX Font Info:    Checking defaults for U/cmr/m/n on input line 43.
LaTeX Font Info:    ... okay on input line 43.

*geometry* driver: auto-detecting
*geometry* detected driver: pdftex
*geometry* verbose mode - [ preamble ] result:
* driver: pdftex
* paper: a4paper
* layout: <same size as paper>
* layoutoffset:(h,v)=(0.0pt,0.0pt)
* modes: 
* h-part:(L,W,R)=(85.35826pt, 455.24411pt, 56.9055pt)
* v-part:(T,H,B)=(85.35826pt, 702.78308pt, 56.9055pt)
* \paperwidth=597.50787pt
* \paperheight=845.04684pt
* \textwidth=455.24411pt
* \textheight=702.78308pt
* \oddsidemargin=13.08827pt
* \evensidemargin=13.08827pt
* \topmargin=-53.91173pt
* \headheight=55.0pt
* \headsep=25.0pt
* \topskip=12.0pt
* \footskip=30.0pt
* \marginparwidth=35.0pt
* \marginparsep=10.0pt
* \columnsep=10.0pt
* \skip\footins=10.8pt plus 4.0pt minus 2.0pt
* \hoffset=0.0pt
* \voffset=0.0pt
* \mag=1000
* \@twocolumnfalse
* \@twosidefalse
* \@mparswitchfalse
* \@reversemarginfalse
* (1in=72.27pt=25.4mm, 1cm=28.453pt)

LaTeX Info: Redefining \. on input line 43.
LaTeX Info: Redefining \% on input line 43.

(C:\Users\Valentin\AppData\Local\Programs\MiKTeX\tex/context/base/mkii\supp-pdf
.mkii
[Loading MPS to PDF converter (version 2006.09.02).]
\scratchcounter=\count307
\scratchdimen=\dimen256
\scratchbox=\box65
\nofMPsegments=\count308
\nofMParguments=\count309
\everyMPshowfont=\toks34
\MPscratchCnt=\count310
\MPscratchDim=\dimen257
\MPnumerator=\count311
\makeMPintoPDFobject=\count312
\everyMPtoPDFconversion=\toks35
)
(C:\Users\Valentin\AppData\Local\Programs\MiKTeX\tex/latex/epstopdf-pkg\epstopd
f-base.sty
Package: epstopdf-base 2020-01-24 v2.11 Base part for package epstopdf
Package epstopdf-base Info: Redefining graphics rule for `.eps' on input line 4
85.

(C:\Users\Valentin\AppData\Local\Programs\MiKTeX\tex/latex/00miktex\epstopdf-sy
s.cfg
File: epstopdf-sys.cfg 2021/03/18 v2.0 Configuration of epstopdf for MiKTeX
))
Package caption Info: Begin \AtBeginDocument code.
Package caption Info: changepage package is loaded.
\caption@adjustwidth@hsize=\dimen258
\caption@adjustwidth@linewidth=\dimen259
Package caption Info: longtable package is loaded.

(C:\Users\Valentin\AppData\Local\Programs\MiKTeX\tex/latex/caption\ltcaption.st
y
Package: ltcaption 2021/01/08 v1.4c longtable captions (AR)
)
Package caption Info: wrapfig package is loaded.
Package caption Info: End \AtBeginDocument code.

(C:\Users\Valentin\AppData\Local\Programs\MiKTeX\tex/latex/pdflscape\pdflscape.
sty
Package: pdflscape 2022-10-27 v0.13 Display of landscape pages in PDF

(C:\Users\Valentin\AppData\Local\Programs\MiKTeX\tex/latex/pdflscape\pdflscape-
nometadata.sty
Package: pdflscape-nometadata 2022-10-28 v0.13 Display of landscape pages in PD
F (HO)
Package pdflscape Info: Auto-detected driver: pdftex on input line 81.
))
\c@maskedRefs=\count313

(C:\Users\Valentin\AppData\Local\Programs\MiKTeX\tex/latex/apacite\spanish.apc
File: spanish.apc 2013/07/21 v6.03 apacite language file
LaTeX Info: Redefining \BPBI on input line 138.
LaTeX Info: Redefining \BHBI on input line 139.
)
Couldn't patch \ttl@straight@ii
Couldn't patch \ttl@straight@ii
(titulo/portada.tex
Package epstopdf Info: Source file: <imagenes/LogoUTN_nvgsb.eps>
(epstopdf)                    date: 2024-03-13 18:30:03
(epstopdf)                    size: 5578 bytes
(epstopdf)             Output file: <imagenes/LogoUTN_nvgsb-eps-converted-to.pd
f>
(epstopdf)                    date: 2024-03-13 18:30:03
(epstopdf)                    size: 2892 bytes
(epstopdf)             Command: <miktex-epstopdf --outfile=imagenes/LogoUTN_nvg
sb-eps-converted-to.pdf imagenes/LogoUTN_nvgsb.eps>
(epstopdf)             \includegraphics on input line 11.
Package epstopdf Info: Output file is already uptodate.


pdfTeX warning: pdflatex.exe (file ./imagenes/LogoUTN_nvgsb-eps-converted-to.pd
f): PDF inclusion: found PDF version <1.7>, but at most version <1.5> allowed
<imagenes/LogoUTN_nvgsb-eps-converted-to.pdf, id=1, 91.34125pt x 109.40875pt>
File: imagenes/LogoUTN_nvgsb-eps-converted-to.pdf Graphic file (type pdf)
<use imagenes/LogoUTN_nvgsb-eps-converted-to.pdf>
Package pdftex.def Info: imagenes/LogoUTN_nvgsb-eps-converted-to.pdf  used on i
nput line 11.
(pdftex.def)             Requested size: 88.20786pt x 99.58546pt.
) [1

{C:/Users/Valentin/AppData/Local/MiKTeX/fonts/map/pdftex/pdftex.map}{C:/Users/V
alentin/AppData/Local/Programs/MiKTeX/fonts/enc/dvips/base/8r.enc} <./imagenes/
LogoUTN_nvgsb-eps-converted-to.pdf>] (titulo/hoja1.tex
Package epstopdf Info: Source file: <imagenes/LogoUTN_nvgsb.eps>
(epstopdf)                    date: 2024-03-13 18:30:03
(epstopdf)                    size: 5578 bytes
(epstopdf)             Output file: <imagenes/LogoUTN_nvgsb-eps-converted-to.pd
f>
(epstopdf)                    date: 2024-03-13 18:30:03
(epstopdf)                    size: 2892 bytes
(epstopdf)             Command: <miktex-epstopdf --outfile=imagenes/LogoUTN_nvg
sb-eps-converted-to.pdf imagenes/LogoUTN_nvgsb.eps>
(epstopdf)             \includegraphics on input line 5.
Package epstopdf Info: Output file is already uptodate.
File: imagenes/LogoUTN_nvgsb-eps-converted-to.pdf Graphic file (type pdf)
<use imagenes/LogoUTN_nvgsb-eps-converted-to.pdf>
Package pdftex.def Info: imagenes/LogoUTN_nvgsb-eps-converted-to.pdf  used on i
nput line 5.
(pdftex.def)             Requested size: 88.20786pt x 99.58546pt.

Underfull \hbox (badness 10000) in paragraph at lines 11--12

 []


Overfull \hbox (24.23315pt too wide) in paragraph at lines 19--23
[][] 
 []

) [1] (capitulos/dedicatoria.tex
LaTeX Font Info:    Trying to load font information for T1+pcr on input line 1.


(C:\Users\Valentin\AppData\Local\Programs\MiKTeX\tex/latex/psnfss\t1pcr.fd
File: t1pcr.fd 2001/06/04 font definitions for T1/pcr.
)
Underfull \hbox (badness 10000) in paragraph at lines 1--2

 []

)
Package epstopdf Info: Source file: <imagenes/LogoUTN_nvgsb.eps>
(epstopdf)                    date: 2024-03-13 18:30:03
(epstopdf)                    size: 5578 bytes
(epstopdf)             Output file: <imagenes/LogoUTN_nvgsb-eps-converted-to.pd
f>
(epstopdf)                    date: 2024-03-13 18:30:03
(epstopdf)                    size: 2892 bytes
(epstopdf)             Command: <miktex-epstopdf --outfile=imagenes/LogoUTN_nvg
sb-eps-converted-to.pdf imagenes/LogoUTN_nvgsb.eps>
(epstopdf)             \includegraphics on input line 54.
Package epstopdf Info: Output file is already uptodate.
File: imagenes/LogoUTN_nvgsb-eps-converted-to.pdf Graphic file (type pdf)
<use imagenes/LogoUTN_nvgsb-eps-converted-to.pdf>
Package pdftex.def Info: imagenes/LogoUTN_nvgsb-eps-converted-to.pdf  used on i
nput line 54.
(pdftex.def)             Requested size: 25.04575pt x 30.0pt.


Package fancyhdr Warning: \headheight is too small (55.0pt): 
(fancyhdr)                Make it at least 71.53505pt, for example:
(fancyhdr)                \setlength{\headheight}{71.53505pt}.
(fancyhdr)                You might also make \topmargin smaller to compensate:

(fancyhdr)                \addtolength{\topmargin}{-16.53505pt}.

[2

] (capitulos/agradecimientos.tex)
Package epstopdf Info: Source file: <imagenes/LogoUTN_nvgsb.eps>
(epstopdf)                    date: 2024-03-13 18:30:03
(epstopdf)                    size: 5578 bytes
(epstopdf)             Output file: <imagenes/LogoUTN_nvgsb-eps-converted-to.pd
f>
(epstopdf)                    date: 2024-03-13 18:30:03
(epstopdf)                    size: 2892 bytes
(epstopdf)             Command: <miktex-epstopdf --outfile=imagenes/LogoUTN_nvg
sb-eps-converted-to.pdf imagenes/LogoUTN_nvgsb.eps>
(epstopdf)             \includegraphics on input line 58.
Package epstopdf Info: Output file is already uptodate.
File: imagenes/LogoUTN_nvgsb-eps-converted-to.pdf Graphic file (type pdf)
<use imagenes/LogoUTN_nvgsb-eps-converted-to.pdf>
Package pdftex.def Info: imagenes/LogoUTN_nvgsb-eps-converted-to.pdf  used on i
nput line 58.
(pdftex.def)             Requested size: 25.04575pt x 30.0pt.


Package fancyhdr Warning: \headheight is too small (55.0pt): 
(fancyhdr)                Make it at least 71.53505pt, for example:
(fancyhdr)                \setlength{\headheight}{71.53505pt}.
(fancyhdr)                You might also make \topmargin smaller to compensate:

(fancyhdr)                \addtolength{\topmargin}{-16.53505pt}.

[3

] (main.toc
LaTeX Info: Redefining \. on input line 1.
LaTeX Info: Redefining \% on input line 1.
)
\tf@toc=\write3
\openout3 = `main.toc'.

Package epstopdf Info: Source file: <imagenes/LogoUTN_nvgsb.eps>
(epstopdf)                    date: 2024-03-13 18:30:03
(epstopdf)                    size: 5578 bytes
(epstopdf)             Output file: <imagenes/LogoUTN_nvgsb-eps-converted-to.pd
f>
(epstopdf)                    date: 2024-03-13 18:30:03
(epstopdf)                    size: 2892 bytes
(epstopdf)             Command: <miktex-epstopdf --outfile=imagenes/LogoUTN_nvg
sb-eps-converted-to.pdf imagenes/LogoUTN_nvgsb.eps>
(epstopdf)             \includegraphics on input line 60.
Package epstopdf Info: Output file is already uptodate.
File: imagenes/LogoUTN_nvgsb-eps-converted-to.pdf Graphic file (type pdf)
<use imagenes/LogoUTN_nvgsb-eps-converted-to.pdf>
Package pdftex.def Info: imagenes/LogoUTN_nvgsb-eps-converted-to.pdf  used on i
nput line 60.
(pdftex.def)             Requested size: 25.04575pt x 30.0pt.


Package fancyhdr Warning: \headheight is too small (55.0pt): 
(fancyhdr)                Make it at least 71.53505pt, for example:
(fancyhdr)                \setlength{\headheight}{71.53505pt}.
(fancyhdr)                You might also make \topmargin smaller to compensate:

(fancyhdr)                \addtolength{\topmargin}{-16.53505pt}.

[4

]
Cap\'{\i }tulo 1.
(capitulos/mem_descriptiva.tex

LaTeX Warning: Citation `PhoenixWebSwitchFO' undefined on input line 3.


LaTeX Warning: Citation `ProtocoloModbus' undefined on input line 4.


Underfull \hbox (badness 10000) in paragraph at lines 2--6

 []

)
Package epstopdf Info: Source file: <imagenes/LogoUTN_nvgsb.eps>
(epstopdf)                    date: 2024-03-13 18:30:03
(epstopdf)                    size: 5578 bytes
(epstopdf)             Output file: <imagenes/LogoUTN_nvgsb-eps-converted-to.pd
f>
(epstopdf)                    date: 2024-03-13 18:30:03
(epstopdf)                    size: 2892 bytes
(epstopdf)             Command: <miktex-epstopdf --outfile=imagenes/LogoUTN_nvg
sb-eps-converted-to.pdf imagenes/LogoUTN_nvgsb.eps>
(epstopdf)             \includegraphics on input line 61.
Package epstopdf Info: Output file is already uptodate.
File: imagenes/LogoUTN_nvgsb-eps-converted-to.pdf Graphic file (type pdf)
<use imagenes/LogoUTN_nvgsb-eps-converted-to.pdf>
Package pdftex.def Info: imagenes/LogoUTN_nvgsb-eps-converted-to.pdf  used on i
nput line 61.
(pdftex.def)             Requested size: 25.04575pt x 30.0pt.


Package fancyhdr Warning: \headheight is too small (55.0pt): 
(fancyhdr)                Make it at least 71.53505pt, for example:
(fancyhdr)                \setlength{\headheight}{71.53505pt}.
(fancyhdr)                You might also make \topmargin smaller to compensate:

(fancyhdr)                \addtolength{\topmargin}{-16.53505pt}.

[5

]
Package epstopdf Info: Source file: <imagenes/LogoUTN_nvgsb.eps>
(epstopdf)                    date: 2024-03-13 18:30:03
(epstopdf)                    size: 5578 bytes
(epstopdf)             Output file: <imagenes/LogoUTN_nvgsb-eps-converted-to.pd
f>
(epstopdf)                    date: 2024-03-13 18:30:03
(epstopdf)                    size: 2892 bytes
(epstopdf)             Command: <miktex-epstopdf --outfile=imagenes/LogoUTN_nvg
sb-eps-converted-to.pdf imagenes/LogoUTN_nvgsb.eps>
(epstopdf)             \includegraphics on input line 63.
Package epstopdf Info: Output file is already uptodate.
File: imagenes/LogoUTN_nvgsb-eps-converted-to.pdf Graphic file (type pdf)
<use imagenes/LogoUTN_nvgsb-eps-converted-to.pdf>
Package pdftex.def Info: imagenes/LogoUTN_nvgsb-eps-converted-to.pdf  used on i
nput line 63.
(pdftex.def)             Requested size: 25.04575pt x 30.0pt.


Package fancyhdr Warning: \headheight is too small (55.0pt): 
(fancyhdr)                Make it at least 71.53505pt, for example:
(fancyhdr)                \setlength{\headheight}{71.53505pt}.
(fancyhdr)                You might also make \topmargin smaller to compensate:

(fancyhdr)                \addtolength{\topmargin}{-16.53505pt}.

[6]
Cap\'{\i }tulo 2.
(capitulos/capitulo2.tex
Package epstopdf Info: Source file: <imagenes/LogoUTN_nvgsb.eps>
(epstopdf)                    date: 2024-03-13 18:30:03
(epstopdf)                    size: 5578 bytes
(epstopdf)             Output file: <imagenes/LogoUTN_nvgsb-eps-converted-to.pd
f>
(epstopdf)                    date: 2024-03-13 18:30:03
(epstopdf)                    size: 2892 bytes
(epstopdf)             Command: <miktex-epstopdf --outfile=imagenes/LogoUTN_nvg
sb-eps-converted-to.pdf imagenes/LogoUTN_nvgsb.eps>
(epstopdf)             \includegraphics on input line 5.
Package epstopdf Info: Output file is already uptodate.
File: imagenes/LogoUTN_nvgsb-eps-converted-to.pdf Graphic file (type pdf)
<use imagenes/LogoUTN_nvgsb-eps-converted-to.pdf>
Package pdftex.def Info: imagenes/LogoUTN_nvgsb-eps-converted-to.pdf  used on i
nput line 5.
(pdftex.def)             Requested size: 25.04575pt x 30.0pt.


Package fancyhdr Warning: \headheight is too small (55.0pt): 
(fancyhdr)                Make it at least 71.53505pt, for example:
(fancyhdr)                \setlength{\headheight}{71.53505pt}.
(fancyhdr)                You might also make \topmargin smaller to compensate:

(fancyhdr)                \addtolength{\topmargin}{-16.53505pt}.

[7

])
Package epstopdf Info: Source file: <imagenes/LogoUTN_nvgsb.eps>
(epstopdf)                    date: 2024-03-13 18:30:03
(epstopdf)                    size: 5578 bytes
(epstopdf)             Output file: <imagenes/LogoUTN_nvgsb-eps-converted-to.pd
f>
(epstopdf)                    date: 2024-03-13 18:30:03
(epstopdf)                    size: 2892 bytes
(epstopdf)             Command: <miktex-epstopdf --outfile=imagenes/LogoUTN_nvg
sb-eps-converted-to.pdf imagenes/LogoUTN_nvgsb.eps>
(epstopdf)             \includegraphics on input line 80.
Package epstopdf Info: Output file is already uptodate.
File: imagenes/LogoUTN_nvgsb-eps-converted-to.pdf Graphic file (type pdf)
<use imagenes/LogoUTN_nvgsb-eps-converted-to.pdf>
Package pdftex.def Info: imagenes/LogoUTN_nvgsb-eps-converted-to.pdf  used on i
nput line 80.
(pdftex.def)             Requested size: 25.04575pt x 30.0pt.


Package fancyhdr Warning: \headheight is too small (55.0pt): 
(fancyhdr)                Make it at least 71.53505pt, for example:
(fancyhdr)                \setlength{\headheight}{71.53505pt}.
(fancyhdr)                You might also make \topmargin smaller to compensate:

(fancyhdr)                \addtolength{\topmargin}{-16.53505pt}.

[8] (main.aux
LaTeX Info: Redefining \. on input line 8.
LaTeX Info: Redefining \% on input line 8.
)
 ***********
LaTeX2e <2023-06-01> patch level 1
L3 programming layer <2023-06-30>
 ***********


LaTeX Warning: There were undefined references.

 ) 
Here is how much of TeX's memory you used:
 9995 strings out of 475551
 168208 string characters out of 5761139
 1926238 words of memory out of 5000000
 31005 multiletter control sequences out of 15000+600000
 602712 words of font info for 74 fonts, out of 8000000 for 9000
 1141 hyphenation exceptions out of 8191
 79i,18n,93p,1135b,398s stack positions out of 10000i,1000n,20000p,200000b,200000s
<C:/Users/Valentin/AppData/Local/Programs/MiKTeX/fonts/type1/urw/courier/ucrr
8a.pfb><C:/Users/Valentin/AppData/Local/Programs/MiKTeX/fonts/type1/urw/times/u
tmb8a.pfb><C:/Users/Valentin/AppData/Local/Programs/MiKTeX/fonts/type1/urw/time
s/utmr8a.pfb>
Output written on main.pdf (9 pages, 63030 bytes).
PDF statistics:
 51 PDF objects out of 1000 (max. 8388607)
 0 named destinations out of 1000 (max. 500000)
 6 words of extra memory for PDF output out of 10000 (max. 10000000)

